[ 2016-07-30T20:47:14+08:00 ] ::1 /ERP_Roc/index.php/%3C?php%20echo%20ADMIN_JS_URL;?%3Eindex.js
ERR: 无法加载控制器:

[ 2016-07-30T20:47:14+08:00 ] ::1 /ERP_Roc/index.php/%3C?php%20echo%20ADMIN_JS_URL;?%3Ejquery-1.6.min.js
ERR: 无法加载控制器:

[ 2016-07-30T20:47:14+08:00 ] ::1 /ERP_Roc/index.php/%3C?php%20echo%20ADMIN_IMG_URL;?%3Emenu-all.png
ERR: 无法加载控制器:

[ 2016-07-30T20:47:14+08:00 ] ::1 /ERP_Roc/index.php/%3C?php%20echo%20ADMIN_CSS_URL;?%3Estyle.css
ERR: 无法加载控制器:

[ 2016-07-30T20:47:14+08:00 ] ::1 /ERP_Roc/index.php/%3C?php%20echo%20ADMIN_JS_URL;?%3Eindex.js
ERR: 无法加载控制器:

[ 2016-07-30T20:47:14+08:00 ] ::1 /ERP_Roc/index.php/%3C?php%20echo%20ADMIN_IMG_URL;?%3Emenu-all.png
ERR: 无法加载控制器:

[ 2016-07-30T20:50:28+08:00 ] ::1 /ERP_Roc/index.php/%3C?php%20echo%20ADMIN_CSS_URL;?%3Estyle.css
ERR: 无法加载控制器:

[ 2016-07-30T20:55:21+08:00 ] ::1 /ERP_Roc/index.php/%3C?php%20echo%20ADMIN_JS_URL;?%3Ejquery-1.6.min.js
ERR: 无法加载控制器:

[ 2016-07-30T20:55:21+08:00 ] ::1 /ERP_Roc/index.php/%3C?php%20echo%20ADMIN_IMG_URL;?%3Emenu-all.png
ERR: 无法加载控制器:

[ 2016-07-30T20:55:21+08:00 ] ::1 /ERP_Roc/index.php/%3C?php%20echo%20ADMIN_JS_URL;?%3Eindex.js
ERR: 无法加载控制器:

[ 2016-07-30T20:55:21+08:00 ] ::1 /ERP_Roc/index.php/%3C?php%20echo%20ADMIN_CSS_URL;?%3Estyle.css
ERR: 无法加载控制器:

[ 2016-07-30T20:55:21+08:00 ] ::1 /ERP_Roc/index.php/%3C?php%20echo%20ADMIN_JS_URL;?%3Eindex.js
ERR: 无法加载控制器:

[ 2016-07-30T20:55:21+08:00 ] ::1 /ERP_Roc/index.php/%3C?php%20echo%20ADMIN_IMG_URL;?%3Emenu-all.png
ERR: 无法加载控制器:

[ 2016-07-30T20:55:48+08:00 ] ::1 /ERP_Roc/index.php/%3C?php%20echo%20ADMIN_JS_URL;?%3Ejquery-1.6.min.js
ERR: 无法加载控制器:

[ 2016-07-30T20:55:48+08:00 ] ::1 /ERP_Roc/index.php/%3C?php%20echo%20ADMIN_JS_URL;?%3Eindex.js
ERR: 无法加载控制器:

[ 2016-07-30T20:55:48+08:00 ] ::1 /ERP_Roc/index.php/%3C?php%20echo%20ADMIN_CSS_URL;?%3Estyle.css
ERR: 无法加载控制器:

[ 2016-07-30T20:55:48+08:00 ] ::1 /ERP_Roc/index.php/%3C?php%20echo%20ADMIN_IMG_URL;?%3Emenu-all.png
ERR: 无法加载控制器:

[ 2016-07-30T20:55:48+08:00 ] ::1 /ERP_Roc/index.php/%3C?php%20echo%20ADMIN_JS_URL;?%3Eindex.js
ERR: 无法加载控制器:

[ 2016-07-30T20:55:48+08:00 ] ::1 /ERP_Roc/index.php/%3C?php%20echo%20ADMIN_IMG_URL;?%3Emenu-all.png
ERR: 无法加载控制器:

[ 2016-07-30T21:05:07+08:00 ] ::1 /ERP_Roc/index.php/%3C?php%20echo%20ADMIN_JS_URL;?%3Eindex.js
ERR: 无法加载控制器:

[ 2016-07-30T21:05:07+08:00 ] ::1 /ERP_Roc/index.php/%3C?php%20echo%20ADMIN_JS_URL;?%3Ejquery-1.6.min.js
ERR: 无法加载控制器:

[ 2016-07-30T21:05:07+08:00 ] ::1 /ERP_Roc/index.php/%3C?php%20echo%20ADMIN_CSS_URL;?%3Estyle.css
ERR: 无法加载控制器:

[ 2016-07-30T21:05:07+08:00 ] ::1 /ERP_Roc/index.php/%3C?php%20echo%20ADMIN_IMG_URL;?%3Emenu-all.png
ERR: 无法加载控制器:

[ 2016-07-30T21:05:07+08:00 ] ::1 /ERP_Roc/index.php/%3C?php%20echo%20ADMIN_JS_URL;?%3Eindex.js
ERR: 无法加载控制器:

[ 2016-07-30T21:05:07+08:00 ] ::1 /ERP_Roc/index.php/%3C?php%20echo%20ADMIN_IMG_URL;?%3Emenu-all.png
ERR: 无法加载控制器:

[ 2016-07-30T21:05:11+08:00 ] ::1 /ERP_Roc/index.php/%3C?php%20echo%20ADMIN_CSS_URL;?%3Estyle.css
ERR: 无法加载控制器:

[ 2016-07-30T21:05:11+08:00 ] ::1 /ERP_Roc/index.php/%3C?php%20echo%20ADMIN_JS_URL;?%3Ejquery-1.6.min.js
ERR: 无法加载控制器:

[ 2016-07-30T21:05:11+08:00 ] ::1 /ERP_Roc/index.php/%3C?php%20echo%20ADMIN_JS_URL;?%3Eindex.js
ERR: 无法加载控制器:

[ 2016-07-30T21:05:11+08:00 ] ::1 /ERP_Roc/index.php/%3C?php%20echo%20ADMIN_IMG_URL;?%3Emenu-all.png
ERR: 无法加载控制器:

[ 2016-07-30T21:06:20+08:00 ] ::1 /ERP_Roc/index.php/%3C?php%20echo%20ADMIN_IMG_URL;?%3Emenu-all.png
ERR: 无法加载控制器:

[ 2016-07-30T21:06:55+08:00 ] ::1 /ERP_Roc/index.php/%3C?php%20echo%20ADMIN_IMG_URL;?%3Emenu-all.png
ERR: 无法加载控制器:

